Arguments: 
  /usr/bin/node /usr/bin/yarn install

PATH: 
  /usr/local/bin:/usr/bin:/usr/local/sbin:/usr/sbin:/home/bullchartai/.local/bin:/home/bullchartai/bin

Yarn version: 
  1.22.19

Node version: 
  16.20.0

Platform: 
  linux x64

Trace: 
  SyntaxError: /home/bullchartai/bittensor/backend/package.json: Unexpected token } in JSON at position 681
      at JSON.parse (<anonymous>)
      at /usr/lib/node_modules/yarn/lib/cli.js:1629:59
      at Generator.next (<anonymous>)
      at step (/usr/lib/node_modules/yarn/lib/cli.js:310:30)
      at /usr/lib/node_modules/yarn/lib/cli.js:321:13

npm manifest: 
  {
    "name": "nodejs-express-sequelize-postgresql",
    "version": "1.0.0",
    "description": "Node.js Rest Apis with Express, Sequelize & PostgreSQL",
    "main": "server.js",
    "scripts": {
      "test": "echo \"Error: no test specified\" && exit 1",
      "start-bnb": "node app/cron/bnb.js",
      "start-bnbtest": "node app/cron/bnbtest.js",
      "start-eth": "node app/cron/eth.js",
      "start-goerli": "node app/cron/goerli.js",
      "start": "node server.js",
      "postinstall": "rm -rf node_modules/websnark/src/groth16.js; cp @fork/websnark/src/groth16.js node_modules/websnark/src/; rm -rf node_modules/websnark/package.json; cp @fork/websnark/package.json node_modules/websnark/",
    },
    "keywords": [
      "nodejs",
      "express",
      "sequelize",
      "rest",
      "api",
      "postgresql"
    ],
    "author": "bezkoder",
    "license": "ISC",
    "dependencies": {
      "@openzeppelin/contracts": "^2.4.0",
      "@truffle/contract": "^4.0.39",
      "@truffle/hdwallet-provider": "^1.4.3",
      "axios": "^0.21.4",
      "bn-chai": "^1.0.1",
      "body-parser": "^1.19.0",
      "browserify": "^16.5.0",
      "chai": "^4.2.0",
      "chai-as-promised": "^7.1.1",
      "circom": "0.0.35",
      "circomlib": "git+https://github.com/tornadocash/circomlib.git#c372f14d324d57339c88451834bf2824e73bbdbc",
      "commander": "^4.1.1",
      "cors": "^2.8.5",
      "decimal.js": "^10.4.3",
      "dotenv": "^10.0.0",
      "eslint": "^6.6.0",
      "eth-json-rpc-filters": "^4.1.1",
      "express": "^4.17.1",
      "ganache-cli": "^6.7.0",
      "http-server": "^13.0.2",
      "keythereum": "^2.0.0",
      "node-cron": "^2.0.3",
      "pg": "^8.4.1",
      "pg-hstore": "^2.3.3",
      "sequelize": "^5.21.3",
      "snarkjs": "git+https://github.com/tornadocash/snarkjs.git#869181cfaf7526fe8972073d31655493a04326d5",
      "truffle": "^5.4.5",
      "truffle-flattener": "^1.4.2",
      "web3": "^1.5.2",
      "web3-utils": "^1.2.2",
      "websnark": "git+https://github.com/tornadocash/websnark.git#2041cfa5fa0b71cd5cca9022a4eeea4afe28c9f7"
    }
  }

yarn manifest: 
  No manifest

Lockfile: 
  No lockfile
